<?xml version="1.0" encoding="UTF-8"?>
<!-- Generated by org.testng.reporters.JUnitReportReporter -->
<testsuite hostname="DESKTOP-0EB98PS" failures="0" tests="2" name="demo.site.test.CamelotDemoTest" time="0.619" errors="0" timestamp="12 Aug 2019 20:32:17 GMT" skipped="1">
  <testcase classname="demo.site.test.CamelotDemoTest" name="testParent" time="0.619"/>
  <testcase classname="demo.site.test.CamelotDemoTest" name="siteLogIn">
    <skipped/>
  </testcase> <!-- siteLogIn -->
</testsuite> <!-- demo.site.test.CamelotDemoTest -->
