<?xml version="1.0" encoding="UTF-8"?>
<!-- Generated by org.testng.reporters.JUnitReportReporter -->
<testsuite hostname="DESKTOP-0EB98PS" failures="0" tests="1" name="demo.site.test.CamelotDemoTest" time="10.218" errors="0" timestamp="21 Jul 2019 11:21:35 GMT" skipped="0">
  <testcase classname="demo.site.test.CamelotDemoTest" name="siteLogIn" time="10.218"/>
</testsuite> <!-- demo.site.test.CamelotDemoTest -->
