<?xml version="1.0" encoding="UTF-8"?>
<!-- Generated by org.testng.reporters.JUnitReportReporter -->
<testsuite hostname="DESKTOP-0EB98PS" failures="0" tests="2" name="demo.site.test.CamelotDemoTest2" time="0.701" errors="0" timestamp="13 Aug 2019 20:16:42 GMT" skipped="1">
  <testcase classname="demo.site.test.CamelotDemoTest2" name="testParent" time="0.701"/>
  <testcase classname="demo.site.test.CamelotDemoTest2" name="siteLogIn">
    <skipped/>
  </testcase> <!-- siteLogIn -->
</testsuite> <!-- demo.site.test.CamelotDemoTest2 -->
