<?xml version="1.0" encoding="UTF-8"?>
<!-- Generated by org.testng.reporters.JUnitReportReporter -->
<testsuite hostname="DESKTOP-0EB98PS" failures="0" tests="1" name="demo.site.test.CamelotDemoTest" time="9.609" errors="0" timestamp="21 Jul 2019 16:13:26 GMT" skipped="0">
  <testcase classname="demo.site.test.CamelotDemoTest" name="siteLogIn" time="9.609"/>
</testsuite> <!-- demo.site.test.CamelotDemoTest -->
